[9 -> 4]: -1 -1 13
[9 -> 5]: -1 -1 5
[9 -> 8]: -1 -1 10
[5 -> 3]: -1 -1 14
[5 -> 9]: -1 -1 10
[8 -> 7]: -1 -1 20
[8 -> 9]: -1 -1 20
[4 -> 3]: -1 -1 17
[3 -> 2]: 1 14 50
[3 -> 4]: -1 -1 18
[3 -> 5]: -1 -1 23
[7 -> 6]: 1 20 50
[7 -> 8]: 1 20 50
[6 -> 2]: 7 50 200
[6 -> 7]: 7 50 200
[2 -> 1]: 2 62 65
[2 -> 3]: 37 50 950
[2 -> 6]: 7 50 200
[1 -> 2]: 2 73 80
65
______________
[4 -> 3]: -1 -1 49
[3 -> 2]: -1 -1 98
[3 -> 4]: -1 -1 98
[2 -> 1]: 23 98 2401
[2 -> 3]: 23 98 2401
[1 -> 2]: 1175 2402 117600
2401
______________
